     1	#
     2	# 
     3	# Note that this file is consulted directly only when the system is running
     4	# Open Directory.
     5	# Open Directory.
     6	# See the opendirectoryd(8) man page for additional information about
     7	# User Database
     8	# in single-user mode.  At other times this information is provided by
     9	##
    10	##
    11	_amavisd:*:83:83:AMaViS Daemon:/var/virusmails:/usr/bin/false
    12	_appleevents:*:55:55:AppleEvents Daemon:/var/empty:/usr/bin/false
    13	_appowner:*:87:87:Application Owner:/var/empty:/usr/bin/false
    14	_appserver:*:79:79:Application Server:/var/empty:/usr/bin/false
    15	_ard:*:67:67:Apple Remote Desktop:/var/empty:/usr/bin/false
    16	_assetcache:*:235:235:Asset Cache Service:/var/empty:/usr/bin/false
    17	_astris:*:245:245:Astris Services:/var/db/astris:/usr/bin/false
    18	_atsserver:*:97:97:ATS Server:/var/empty:/usr/bin/false
    19	_avbdeviced:*:229:-2:Ethernet AVB Device Daemon:/var/empty:/usr/bin/false
    20	_calendar:*:93:93:Calendar:/var/empty:/usr/bin/false
    21	_ces:*:32:32:Certificate Enrollment Service:/var/empty:/usr/bin/false
    22	_clamav:*:82:82:ClamAV Daemon:/var/virusmails:/usr/bin/false
    23	_coreaudiod:*:202:202:Core Audio Daemon:/var/empty:/usr/bin/false
    24	_coremediaiod:*:236:236:Core Media IO Daemon:/var/empty:/usr/bin/false
    25	_cvmsroot:*:212:212:CVMS Root:/var/empty:/usr/bin/false
    26	_cvs:*:72:72:CVS Server:/var/empty:/usr/bin/false
    27	_cyrus:*:77:6:Cyrus Administrator:/var/imap:/usr/bin/false
    28	_devdocs:*:59:59:Developer Documentation:/var/empty:/usr/bin/false
    29	_devicemgr:*:220:220:Device Management Server:/var/empty:/usr/bin/false
    30	_displaypolicyd:*:244:244:Display Policy Daemon:/var/empty:/usr/bin/false
    31	_distnote:*:241:241:DistNote:/var/empty:/usr/bin/false
    32	_dovecot:*:214:6:Dovecot Administrator:/var/empty:/usr/bin/false
    33	_dovenull:*:227:227:Dovecot Authentication:/var/empty:/usr/bin/false
    34	_dpaudio:*:215:215:DP Audio:/var/empty:/usr/bin/false
    35	_eppc:*:71:71:Apple Events User:/var/empty:/usr/bin/false
    36	_ftp:*:98:-2:FTP Daemon:/var/empty:/usr/bin/false
    37	_gamecontrollerd:*:247:247:Game Controller Daemon:/var/empty:/usr/bin/false
    38	_geod:*:56:56:Geo Services Daemon:/var/db/geod:/usr/bin/false
    39	_iconservices:*:240:240:IconServices:/var/empty:/usr/bin/false
    40	_installassistant:*:25:25:Install Assistant:/var/empty:/usr/bin/false
    41	_installer:*:96:-2:Installer:/var/empty:/usr/bin/false
    42	_jabber:*:84:84:Jabber XMPP Server:/var/empty:/usr/bin/false
    43	_kadmin_admin:*:218:-2:Kerberos Admin Service:/var/empty:/usr/bin/false
    44	_kadmin_changepw:*:219:-2:Kerberos Change Password Service:/var/empty:/usr/bin/false
    45	_krb_anonymous:*:234:-2:Open Directory Kerberos Anonymous:/var/empty:/usr/bin/false
    46	_krb_changepw:*:232:-2:Open Directory Kerberos Change Password Service:/var/empty:/usr/bin/false
    47	_krb_kadmin:*:231:-2:Open Directory Kerberos Admin Service:/var/empty:/usr/bin/false
    48	_krb_kerberos:*:233:-2:Open Directory Kerberos:/var/empty:/usr/bin/false
    49	_krb_krbtgt:*:230:-2:Open Directory Kerberos Ticket Granting Ticket:/var/empty:/usr/bin/false
    50	_krbfast:*:246:-2:Kerberos FAST Account:/var/empty:/usr/bin/false
    51	_krbtgt:*:217:-2:Kerberos Ticket Granting Ticket:/var/empty:/usr/bin/false
    52	_launchservicesd:*:239:239:_launchservicesd:/var/empty:/usr/bin/false
    53	_lda:*:211:211:Local Delivery Agent:/var/empty:/usr/bin/false
    54	_locationd:*:205:205:Location Daemon:/var/db/locationd:/usr/bin/false
    55	_lp:*:26:26:Printing Services:/var/spool/cups:/usr/bin/false
    56	_mailman:*:78:78:Mailman List Server:/var/empty:/usr/bin/false
    57	_mbsetupuser:*:248:248:Setup User:/var/setup:/bin/bash
    58	_mcxalr:*:54:54:MCX AppLaunch:/var/empty:/usr/bin/false
    59	_mdnsresponder:*:65:65:mDNSResponder:/var/empty:/usr/bin/false
    60	_mysql:*:74:74:MySQL Server:/var/empty:/usr/bin/false
    61	_netbios:*:222:222:NetBIOS:/var/empty:/usr/bin/false
    62	_netstatistics:*:228:228:Network Statistics Daemon:/var/empty:/usr/bin/false
    63	_networkd:*:24:24:Network Services:/var/networkd:/usr/bin/false
    64	_nsurlsessiond:*:242:242:NSURLSession Daemon:/var/db/nsurlsessiond:/usr/bin/false
    65	_nsurlstoraged:*:243:243:NSURLStorage Daemon:/var/empty:/usr/bin/false
    66	_ondemand:*:249:249:On Demand Resource Daemon:/var/db/ondemand:/usr/bin/false
    67	_postfix:*:27:27:Postfix Mail Server:/var/spool/postfix:/usr/bin/false
    68	_postgres:*:216:216:PostgreSQL Server:/var/empty:/usr/bin/false
    69	_qtss:*:76:76:QuickTime Streaming Server:/var/empty:/usr/bin/false
    70	_sandbox:*:60:60:Seatbelt:/var/empty:/usr/bin/false
    71	_screensaver:*:203:203:Screensaver:/var/empty:/usr/bin/false
    72	_scsd:*:31:31:Service Configuration Service:/var/empty:/usr/bin/false
    73	_securityagent:*:92:92:SecurityAgent:/var/db/securityagent:/usr/bin/false
    74	_serialnumberd:*:58:58:Serial Number Daemon:/var/empty:/usr/bin/false
    75	_softwareupdate:*:200:200:Software Update Service:/var/empty:/usr/bin/false
    76	_spotlight:*:89:89:Spotlight:/var/empty:/usr/bin/false
    77	_sshd:*:75:75:sshd Privilege separation:/var/empty:/usr/bin/false
    78	_svn:*:73:73:SVN Server:/var/empty:/usr/bin/false
    79	_taskgated:*:13:13:Task Gate Daemon:/var/empty:/usr/bin/false
    80	_teamsserver:*:94:94:TeamsServer:/var/teamsserver:/usr/bin/false
    81	_timezone:*:210:210:AutoTimeZoneDaemon:/var/empty:/usr/bin/false
    82	_tokend:*:91:91:Token Daemon:/var/empty:/usr/bin/false
    83	_trustevaluationagent:*:208:208:Trust Evaluation Agent:/var/empty:/usr/bin/false
    84	_unknown:*:99:99:Unknown User:/var/empty:/usr/bin/false
    85	_update_sharing:*:95:-2:Update Sharing:/var/empty:/usr/bin/false
    86	_usbmuxd:*:213:213:iPhone OS Device Helper:/var/db/lockdown:/usr/bin/false
    87	_uucp:*:4:4:Unix to Unix Copy Protocol:/var/spool/uucp:/usr/sbin/uucico
    88	_warmd:*:224:224:Warm Daemon:/var/empty:/usr/bin/false
    89	_webauthserver:*:221:221:Web Auth Server:/var/empty:/usr/bin/false
    90	_windowserver:*:88:88:WindowServer:/var/empty:/usr/bin/false
    91	_www:*:70:70:World Wide Web Server:/Library/WebServer:/usr/bin/false
    92	_wwwproxy:*:252:252:WWW Proxy:/var/empty:/usr/bin/false
    93	_xserverdocs:*:251:251:OS X Server Documents Service:/var/empty:/usr/bin/false
    94	daemon:*:1:1:System Services:/var/root:/usr/bin/false
    95	nobody:*:-2:-2:Unprivileged User:/var/empty:/usr/bin/false
    96	root:*:0:0:System Administrator:/var/root:/bin/sh
